<?xml version="1.0" encoding="UTF-8" ?>
<testsuites>
  <testsuite errors="0" failures="0" hostname="Macci.local" id="0" name="SessionInfoTest" package="org.sjarvela.mollify.client.session" tests="1" time="8.81" timestamp="2009-11-04T08:25:38">
      <properties>
[...]
</properties>

      <testcase classname="org.sjarvela.mollify.client.session.SessionInfoTest" name="testCreateDemoData" time="8.69" />

      <system-out />

      <system-err />

  </testsuite>
  <testsuite errors="0" failures="0" hostname="Macci.local" id="1" name="DefaultPasswordGeneratorTest" package="org.sjarvela.mollify.client.session.user" tests="1" time="8.853" timestamp="2009-11-04T08:25:48">
      <properties>
[...]
</properties>

      <testcase classname="org.sjarvela.mollify.client.session.user.DefaultPasswordGeneratorTest" name="testGenerate" time="8.726" />

      <system-out />

      <system-err />

  </testsuite>
  <testsuite errors="0" failures="0" hostname="Macci.local" id="2" name="PermissionEditorModelTest" package="org.sjarvela.mollify.client.ui.permissions" tests="9" time="10.475" timestamp="2009-11-04T08:25:58">
      <properties>
[...]
</properties>

      <testcase classname="org.sjarvela.mollify.client.ui.permissions.PermissionEditorModelTest" name="testBasics" time="8.607" />

      <testcase classname="org.sjarvela.mollify.client.ui.permissions.PermissionEditorModelTest" name="testRefresh" time="0.251" />

      <testcase classname="org.sjarvela.mollify.client.ui.permissions.PermissionEditorModelTest" name="testDefaults" time="0.251" />

      <testcase classname="org.sjarvela.mollify.client.ui.permissions.PermissionEditorModelTest" name="testUpdates" time="0.24" />

      <testcase classname="org.sjarvela.mollify.client.ui.permissions.PermissionEditorModelTest" name="testHasChangedWithAdd" time="0.011" />

      <testcase classname="org.sjarvela.mollify.client.ui.permissions.PermissionEditorModelTest" name="testHasChangedWithEdit" time="0.251" />

      <testcase classname="org.sjarvela.mollify.client.ui.permissions.PermissionEditorModelTest" name="testHasChangedWithRemove" time="0.251" />

      <testcase classname="org.sjarvela.mollify.client.ui.permissions.PermissionEditorModelTest" name="testHasChangedWithDefaultPermission" time="0.251" />

      <testcase classname="org.sjarvela.mollify.client.ui.permissions.PermissionEditorModelTest" name="testCommit" time="0.237" />

      <system-out />

      <system-err />

  </testsuite>
  <testsuite errors="0" failures="0" hostname="Macci.local" id="3" name="HtmlTest" package="org.sjarvela.mollify.client.util" tests="1" time="8.689" timestamp="2009-11-04T08:26:09">
      <properties>
[...]
</properties>

      <testcase classname="org.sjarvela.mollify.client.util.HtmlTest" name="testFoo" time="8.566" />

      <system-out />

      <system-err />

  </testsuite>
  <testsuite errors="0" failures="0" hostname="Macci.local" id="4" name="JsUtilTest" package="org.sjarvela.mollify.client.util" tests="1" time="9.083" timestamp="2009-11-04T08:26:18">
      <properties>
[...]
</properties>

      <testcase classname="org.sjarvela.mollify.client.util.JsUtilTest" name="testAsJsonString" time="8.956" />

      <system-out />

      <system-err />

  </testsuite>
</testsuites>
